This is pdfTeX, Version 3.141592653-2.6-1.40.25 (TeX Live 2023) (preloaded format=pdflatex 2023.6.20)  20 FEB 2026 14:26
entering extended mode
 restricted \write18 enabled.
 %&-line parsing enabled.
**onStepsAndTurns.tex
(./onStepsAndTurns.tex
LaTeX2e <2022-11-01> patch level 1
L3 programming layer <2023-02-22>
(/usr/local/texlive/2023/texmf-dist/tex/latex/base/article.cls
Document Class: article 2022/07/02 v1.4n Standard LaTeX document class
(/usr/local/texlive/2023/texmf-dist/tex/latex/base/size12.clo
File: size12.clo 2022/07/02 v1.4n Standard LaTeX file (size option)
)
\c@part=\count185
\c@section=\count186
\c@subsection=\count187
\c@subsubsection=\count188
\c@paragraph=\count189
\c@subparagraph=\count190
\c@figure=\count191
\c@table=\count192
\abovecaptionskip=\skip48
\belowcaptionskip=\skip49
\bibindent=\dimen140
)
(/usr/local/texlive/2023/texmf-dist/tex/latex/base/inputenc.sty
Package: inputenc 2021/02/14 v1.3d Input encoding file
\inpenc@prehook=\toks16
\inpenc@posthook=\toks17

(/usr/local/texlive/2023/texmf-dist/tex/latex/base/latin9.def
File: latin9.def 2021/02/14 v1.3d Input encoding file
))
(/usr/local/texlive/2023/texmf-dist/tex/latex/geometry/geometry.sty
Package: geometry 2020/01/02 v5.9 Page Geometry

(/usr/local/texlive/2023/texmf-dist/tex/latex/graphics/keyval.sty
Package: keyval 2022/05/29 v1.15 key=value parser (DPC)
\KV@toks@=\toks18
)
(/usr/local/texlive/2023/texmf-dist/tex/generic/iftex/ifvtex.sty
Package: ifvtex 2019/10/25 v1.7 ifvtex legacy package. Use iftex instead.

(/usr/local/texlive/2023/texmf-dist/tex/generic/iftex/iftex.sty
Package: iftex 2022/02/03 v1.0f TeX engine tests
))
\Gm@cnth=\count193
\Gm@cntv=\count194
\c@Gm@tempcnt=\count195
\Gm@bindingoffset=\dimen141
\Gm@wd@mp=\dimen142
\Gm@odd@mp=\dimen143
\Gm@even@mp=\dimen144
\Gm@layoutwidth=\dimen145
\Gm@layoutheight=\dimen146
\Gm@layouthoffset=\dimen147
\Gm@layoutvoffset=\dimen148
\Gm@dimlist=\toks19
)
(/usr/local/texlive/2023/texmf-dist/tex/latex/amsmath/amsmath.sty
Package: amsmath 2022/04/08 v2.17n AMS math features
\@mathmargin=\skip50

For additional information on amsmath, use the `?' option.
(/usr/local/texlive/2023/texmf-dist/tex/latex/amsmath/amstext.sty
Package: amstext 2021/08/26 v2.01 AMS text

(/usr/local/texlive/2023/texmf-dist/tex/latex/amsmath/amsgen.sty
File: amsgen.sty 1999/11/30 v2.0 generic functions
\@emptytoks=\toks20
\ex@=\dimen149
))
(/usr/local/texlive/2023/texmf-dist/tex/latex/amsmath/amsbsy.sty
Package: amsbsy 1999/11/29 v1.2d Bold Symbols
\pmbraise@=\dimen150
)
(/usr/local/texlive/2023/texmf-dist/tex/latex/amsmath/amsopn.sty
Package: amsopn 2022/04/08 v2.04 operator names
)
\inf@bad=\count196
LaTeX Info: Redefining \frac on input line 234.
\uproot@=\count197
\leftroot@=\count198
LaTeX Info: Redefining \overline on input line 399.
LaTeX Info: Redefining \colon on input line 410.
\classnum@=\count199
\DOTSCASE@=\count266
LaTeX Info: Redefining \ldots on input line 496.
LaTeX Info: Redefining \dots on input line 499.
LaTeX Info: Redefining \cdots on input line 620.
\Mathstrutbox@=\box51
\strutbox@=\box52
LaTeX Info: Redefining \big on input line 722.
LaTeX Info: Redefining \Big on input line 723.
LaTeX Info: Redefining \bigg on input line 724.
LaTeX Info: Redefining \Bigg on input line 725.
\big@size=\dimen151
LaTeX Font Info:    Redeclaring font encoding OML on input line 743.
LaTeX Font Info:    Redeclaring font encoding OMS on input line 744.
\macc@depth=\count267
LaTeX Info: Redefining \bmod on input line 905.
LaTeX Info: Redefining \pmod on input line 910.
LaTeX Info: Redefining \smash on input line 940.
LaTeX Info: Redefining \relbar on input line 970.
LaTeX Info: Redefining \Relbar on input line 971.
\c@MaxMatrixCols=\count268
\dotsspace@=\muskip16
\c@parentequation=\count269
\dspbrk@lvl=\count270
\tag@help=\toks21
\row@=\count271
\column@=\count272
\maxfields@=\count273
\andhelp@=\toks22
\eqnshift@=\dimen152
\alignsep@=\dimen153
\tagshift@=\dimen154
\tagwidth@=\dimen155
\totwidth@=\dimen156
\lineht@=\dimen157
\@envbody=\toks23
\multlinegap=\skip51
\multlinetaggap=\skip52
\mathdisplay@stack=\toks24
LaTeX Info: Redefining \[ on input line 2953.
LaTeX Info: Redefining \] on input line 2954.
) (./math.sty
(/usr/local/texlive/2023/texmf-dist/tex/latex/l3packages/xparse/xparse.sty
(/usr/local/texlive/2023/texmf-dist/tex/latex/l3kernel/expl3.sty
Package: expl3 2023-02-22 L3 programming layer (loader) 

(/usr/local/texlive/2023/texmf-dist/tex/latex/l3backend/l3backend-pdftex.def
File: l3backend-pdftex.def 2023-01-16 L3 backend support: PDF output (pdfTeX)
\l__color_backend_stack_int=\count274
\l__pdf_internal_box=\box53
))
Package: xparse 2023-02-02 L3 Experimental document command parser
) (/usr/local/texlive/2023/texmf-dist/tex/latex/accents/accents.sty
Package: accents 2006/05/12 v1.4 Math Accent Tools
\cc@skew=\dimen158
\cc@wd=\dimen159
\cc@code=\count275
\cc@group=\count276
\cc@skewchar=\count277
))
(/usr/local/texlive/2023/texmf-dist/tex/latex/amsfonts/amssymb.sty
Package: amssymb 2013/01/14 v3.01 AMS font symbols

(/usr/local/texlive/2023/texmf-dist/tex/latex/amsfonts/amsfonts.sty
Package: amsfonts 2013/01/14 v3.01 Basic AMSFonts support
\symAMSa=\mathgroup4
\symAMSb=\mathgroup5
LaTeX Font Info:    Redeclaring math symbol \hbar on input line 98.
LaTeX Font Info:    Overwriting math alphabet `\mathfrak' in version `bold'
(Font)                  U/euf/m/n --> U/euf/b/n on input line 106.
))
(/usr/local/texlive/2023/texmf-dist/tex/latex/setspace/setspace.sty
Package: setspace 2022/12/04 v6.7b set line spacing
)
(/usr/local/texlive/2023/texmf-dist/tex/latex/commath/commath.sty
(/usr/local/texlive/2023/texmf-dist/tex/latex/base/ifthen.sty
Package: ifthen 2022/04/13 v1.1d Standard LaTeX ifthen package (DPC)
))
(/usr/local/texlive/2023/texmf-dist/tex/latex/natbib/natbib.sty
Package: natbib 2010/09/13 8.31b (PWD, AO)
\bibhang=\skip53
\bibsep=\skip54
LaTeX Info: Redefining \cite on input line 694.
\c@NAT@ctr=\count278
)
(/usr/local/texlive/2023/texmf-dist/tex/latex/caption/caption.sty
Package: caption 2023/03/12 v3.6j Customizing captions (AR)

(/usr/local/texlive/2023/texmf-dist/tex/latex/caption/caption3.sty
Package: caption3 2023/03/12 v2.4 caption3 kernel (AR)
\caption@tempdima=\dimen160
\captionmargin=\dimen161
\caption@leftmargin=\dimen162
\caption@rightmargin=\dimen163
\caption@width=\dimen164
\caption@indent=\dimen165
\caption@parindent=\dimen166
\caption@hangindent=\dimen167
Package caption Info: Standard document class detected.
)
\c@caption@flags=\count279
\c@continuedfloat=\count280
)
(/usr/local/texlive/2023/texmf-dist/tex/latex/amscls/amsthm.sty
Package: amsthm 2020/05/29 v2.20.6
\thm@style=\toks25
\thm@bodyfont=\toks26
\thm@headfont=\toks27
\thm@notefont=\toks28
\thm@headpunct=\toks29
\thm@preskip=\skip55
\thm@postskip=\skip56
\thm@headsep=\skip57
\dth@everypar=\toks30
)
(/usr/local/texlive/2023/texmf-dist/tex/latex/graphics/epsfig.sty
Package: epsfig 2017/06/25 v1.7b (e)psfig emulation (SPQR)

(/usr/local/texlive/2023/texmf-dist/tex/latex/graphics/graphicx.sty
Package: graphicx 2021/09/16 v1.2d Enhanced LaTeX Graphics (DPC,SPQR)

(/usr/local/texlive/2023/texmf-dist/tex/latex/graphics/graphics.sty
Package: graphics 2022/03/10 v1.4e Standard LaTeX Graphics (DPC,SPQR)

(/usr/local/texlive/2023/texmf-dist/tex/latex/graphics/trig.sty
Package: trig 2021/08/11 v1.11 sin cos tan (DPC)
)
(/usr/local/texlive/2023/texmf-dist/tex/latex/graphics-cfg/graphics.cfg
File: graphics.cfg 2016/06/04 v1.11 sample graphics configuration
)
Package graphics Info: Driver file: pdftex.def on input line 107.

(/usr/local/texlive/2023/texmf-dist/tex/latex/graphics-def/pdftex.def
File: pdftex.def 2022/09/22 v1.2b Graphics/color driver for pdftex
))
\Gin@req@height=\dimen168
\Gin@req@width=\dimen169
)
\epsfxsize=\dimen170
\epsfysize=\dimen171
)
(/usr/local/texlive/2023/texmf-dist/tex/latex/psfrag/psfrag.sty
Package: psfrag 1998/04/11 v3.04 PSfrag (MCG)
\pfg@pcount=\count281
\pfg@scount=\count282
\pfg@temp=\write3
)
(/usr/local/texlive/2023/texmf-dist/tex/latex/booktabs/booktabs.sty
Package: booktabs 2020/01/12 v1.61803398 Publication quality tables
\heavyrulewidth=\dimen172
\lightrulewidth=\dimen173
\cmidrulewidth=\dimen174
\belowrulesep=\dimen175
\belowbottomsep=\dimen176
\aboverulesep=\dimen177
\abovetopsep=\dimen178
\cmidrulesep=\dimen179
\cmidrulekern=\dimen180
\defaultaddspace=\dimen181
\@cmidla=\count283
\@cmidlb=\count284
\@aboverulesep=\dimen182
\@belowrulesep=\dimen183
\@thisruleclass=\count285
\@lastruleclass=\count286
\@thisrulewidth=\dimen184
)
(/usr/local/texlive/2023/texmf-dist/tex/latex/lineno/lineno.sty
Package: lineno 2023/01/19 line numbers on paragraphs v5.1
\linenopenalty=\count287
\output=\toks31
\linenoprevgraf=\count288
\linenumbersep=\dimen185
\linenumberwidth=\dimen186
\c@linenumber=\count289
\c@pagewiselinenumber=\count290
\c@LN@truepage=\count291
\c@internallinenumber=\count292
\c@internallinenumbers=\count293
\quotelinenumbersep=\dimen187
\bframerule=\dimen188
\bframesep=\dimen189
\bframebox=\box54

(/usr/local/texlive/2023/texmf-dist/tex/latex/etoolbox/etoolbox.sty
Package: etoolbox 2020/10/05 v2.5k e-TeX tools for LaTeX (JAW)
\etb@tempcnta=\count294
)
\linenoamsmath@ams@eqpen=\count295
LaTeX Info: Redefining \\ on input line 3131.
)
(/usr/local/texlive/2023/texmf-dist/tex/latex/blkarray/blkarray.sty
Package: blkarray 2015/02/27 v0.07 Block array (dpc)
\c@BAenumi=\count296
\BA@col=\count297
\BA@block@cnt=\count298
\BA@final@box=\box55
\BA@first@box=\box56
\BA@colsep=\dimen190
\BA@ftn=\toks32
\BAextrarowheight=\dimen191
\BAextraheightafterhline=\dimen192
\BAarrayrulewidth=\dimen193
\BAdoublerulesep=\dimen194
\BAfootskip=\dimen195
\BA@dashbox=\box57
\BA@ddashbox=\box58
)
(/usr/local/texlive/2023/texmf-dist/tex/latex/url/url.sty
\Urlmuskip=\muskip17
Package: url 2013/09/16  ver 3.4  Verb mode for urls, etc.
)
(/usr/local/texlive/2023/texmf-dist/tex/latex/colortbl/colortbl.sty
Package: colortbl 2022/06/20 v1.0f Color table columns (DPC)

(/usr/local/texlive/2023/texmf-dist/tex/latex/tools/array.sty
Package: array 2022/09/04 v2.5g Tabular extension package (FMi)
\col@sep=\dimen196
\ar@mcellbox=\box59
\extrarowheight=\dimen197
\NC@list=\toks33
\extratabsurround=\skip58
\backup@length=\skip59
\ar@cellbox=\box60
)
(/usr/local/texlive/2023/texmf-dist/tex/latex/graphics/color.sty
Package: color 2022/01/06 v1.3d Standard LaTeX Color (DPC)

(/usr/local/texlive/2023/texmf-dist/tex/latex/graphics-cfg/color.cfg
File: color.cfg 2016/01/02 v1.6 sample color configuration
)
Package color Info: Driver file: pdftex.def on input line 149.

(/usr/local/texlive/2023/texmf-dist/tex/latex/graphics/mathcolor.ltx))
\everycr=\toks34
\minrowclearance=\skip60
\rownum=\count299
)
(/usr/local/texlive/2023/texmf-dist/tex/latex/graphics/lscape.sty
Package: lscape 2020/05/28 v3.02 Landscape Pages (DPC)
)
(/usr/local/texlive/2023/texmf-dist/tex/latex/sttools/floatpag.sty
Package: floatpag 2021/10/04 v2.0 Different pagestyles on float pages
)
(/usr/local/texlive/2023/texmf-dist/tex/latex/tools/xr.sty
Package: xr 2020-05-10 v5.06 eXternal References (DPC)
)
Package xr Info: IMPORTING LABELS FROM Appendix_S1.aux on input line 24.

(/usr/local/texlive/2023/texmf-dist/tex/latex/hyperref/hyperref.sty
Package: hyperref 2023-02-07 v7.00v Hypertext links for LaTeX

(/usr/local/texlive/2023/texmf-dist/tex/generic/ltxcmds/ltxcmds.sty
Package: ltxcmds 2020-05-10 v1.25 LaTeX kernel commands for general use (HO)
)
(/usr/local/texlive/2023/texmf-dist/tex/generic/pdftexcmds/pdftexcmds.sty
Package: pdftexcmds 2020-06-27 v0.33 Utility functions of pdfTeX for LuaTeX (HO
)

(/usr/local/texlive/2023/texmf-dist/tex/generic/infwarerr/infwarerr.sty
Package: infwarerr 2019/12/03 v1.5 Providing info/warning/error messages (HO)
)
Package pdftexcmds Info: \pdf@primitive is available.
Package pdftexcmds Info: \pdf@ifprimitive is available.
Package pdftexcmds Info: \pdfdraftmode found.
)
(/usr/local/texlive/2023/texmf-dist/tex/latex/kvsetkeys/kvsetkeys.sty
Package: kvsetkeys 2022-10-05 v1.19 Key value parser (HO)
)
(/usr/local/texlive/2023/texmf-dist/tex/generic/kvdefinekeys/kvdefinekeys.sty
Package: kvdefinekeys 2019-12-19 v1.6 Define keys (HO)
)
(/usr/local/texlive/2023/texmf-dist/tex/generic/pdfescape/pdfescape.sty
Package: pdfescape 2019/12/09 v1.15 Implements pdfTeX's escape features (HO)
)
(/usr/local/texlive/2023/texmf-dist/tex/latex/hycolor/hycolor.sty
Package: hycolor 2020-01-27 v1.10 Color options for hyperref/bookmark (HO)
)
(/usr/local/texlive/2023/texmf-dist/tex/latex/letltxmacro/letltxmacro.sty
Package: letltxmacro 2019/12/03 v1.6 Let assignment for LaTeX macros (HO)
)
(/usr/local/texlive/2023/texmf-dist/tex/latex/auxhook/auxhook.sty
Package: auxhook 2019-12-17 v1.6 Hooks for auxiliary files (HO)
)
(/usr/local/texlive/2023/texmf-dist/tex/latex/hyperref/nameref.sty
Package: nameref 2022-05-17 v2.50 Cross-referencing by name of section

(/usr/local/texlive/2023/texmf-dist/tex/latex/refcount/refcount.sty
Package: refcount 2019/12/15 v3.6 Data extraction from label references (HO)
)
(/usr/local/texlive/2023/texmf-dist/tex/generic/gettitlestring/gettitlestring.s
ty
Package: gettitlestring 2019/12/15 v1.6 Cleanup title references (HO)
 (/usr/local/texlive/2023/texmf-dist/tex/latex/kvoptions/kvoptions.sty
Package: kvoptions 2022-06-15 v3.15 Key value format for package options (HO)
))
\c@section@level=\count300
)
\@linkdim=\dimen198
\Hy@linkcounter=\count301
\Hy@pagecounter=\count302

(/usr/local/texlive/2023/texmf-dist/tex/latex/hyperref/pd1enc.def
File: pd1enc.def 2023-02-07 v7.00v Hyperref: PDFDocEncoding definition (HO)
Now handling font encoding PD1 ...
... no UTF-8 mapping file for font encoding PD1
)
(/usr/local/texlive/2023/texmf-dist/tex/generic/intcalc/intcalc.sty
Package: intcalc 2019/12/15 v1.3 Expandable calculations with integers (HO)
)
(/usr/local/texlive/2023/texmf-dist/tex/generic/etexcmds/etexcmds.sty
Package: etexcmds 2019/12/15 v1.7 Avoid name clashes with e-TeX commands (HO)
)
\Hy@SavedSpaceFactor=\count303

(/usr/local/texlive/2023/texmf-dist/tex/latex/hyperref/puenc.def
File: puenc.def 2023-02-07 v7.00v Hyperref: PDF Unicode definition (HO)
Now handling font encoding PU ...
... no UTF-8 mapping file for font encoding PU
)
Package hyperref Info: Hyper figures OFF on input line 4177.
Package hyperref Info: Link nesting OFF on input line 4182.
Package hyperref Info: Hyper index ON on input line 4185.
Package hyperref Info: Plain pages OFF on input line 4192.
Package hyperref Info: Backreferencing OFF on input line 4197.
Package hyperref Info: Implicit mode ON; LaTeX internals redefined.
Package hyperref Info: Bookmarks ON on input line 4425.
\c@Hy@tempcnt=\count304
LaTeX Info: Redefining \url on input line 4763.
\XeTeXLinkMargin=\dimen199

(/usr/local/texlive/2023/texmf-dist/tex/generic/bitset/bitset.sty
Package: bitset 2019/12/09 v1.3 Handle bit-vector datatype (HO)

(/usr/local/texlive/2023/texmf-dist/tex/generic/bigintcalc/bigintcalc.sty
Package: bigintcalc 2019/12/15 v1.5 Expandable calculations on big integers (HO
)
))
\Fld@menulength=\count305
\Field@Width=\dimen256
\Fld@charsize=\dimen257
Package hyperref Info: Hyper figures OFF on input line 6042.
Package hyperref Info: Link nesting OFF on input line 6047.
Package hyperref Info: Hyper index ON on input line 6050.
Package hyperref Info: backreferencing OFF on input line 6057.
Package hyperref Info: Link coloring OFF on input line 6062.
Package hyperref Info: Link coloring with OCG OFF on input line 6067.
Package hyperref Info: PDF/A mode OFF on input line 6072.

(/usr/local/texlive/2023/texmf-dist/tex/latex/base/atbegshi-ltx.sty
Package: atbegshi-ltx 2021/01/10 v1.0c Emulation of the original atbegshi
package with kernel methods
)
\Hy@abspage=\count306
\c@Item=\count307
\c@Hfootnote=\count308
)
Package hyperref Info: Driver (autodetected): hpdftex.

(/usr/local/texlive/2023/texmf-dist/tex/latex/hyperref/hpdftex.def
File: hpdftex.def 2023-02-07 v7.00v Hyperref driver for pdfTeX

(/usr/local/texlive/2023/texmf-dist/tex/latex/base/atveryend-ltx.sty
Package: atveryend-ltx 2020/08/19 v1.0a Emulation of the original atveryend pac
kage
with kernel methods
)
\Fld@listcount=\count309
\c@bookmark@seq@number=\count310

(/usr/local/texlive/2023/texmf-dist/tex/latex/rerunfilecheck/rerunfilecheck.sty
Package: rerunfilecheck 2022-07-10 v1.10 Rerun checks for auxiliary files (HO)

(/usr/local/texlive/2023/texmf-dist/tex/generic/uniquecounter/uniquecounter.sty
Package: uniquecounter 2019/12/15 v1.4 Provide unlimited unique counter (HO)
)
Package uniquecounter Info: New unique counter `rerunfilecheck' on input line 2
85.
)
\Hy@SectionHShift=\skip61
)
Package hyperref Info: Option `colorlinks' set `true' on input line 31.
 (/Library/Frameworks/R.framework/Resources/share/texmf/tex/latex/Sweave.sty
Package: Sweave 
(/usr/local/texlive/2023/texmf-dist/tex/latex/fancyvrb/fancyvrb.sty
Package: fancyvrb 2023/01/19 4.5a verbatim text (tvz,hv)
\FV@CodeLineNo=\count311
\FV@InFile=\read2
\FV@TabBox=\box61
\c@FancyVerbLine=\count312
\FV@StepNumber=\count313
\FV@OutFile=\write4
)
(/usr/local/texlive/2023/texmf-dist/tex/latex/base/textcomp.sty
Package: textcomp 2020/02/02 v2.0n Standard LaTeX package
)
(/usr/local/texlive/2023/texmf-dist/tex/latex/base/fontenc.sty
Package: fontenc 2021/04/29 v2.0v Standard LaTeX package
))
(./onStepsAndTurns.aux

Package natbib Warning: Citation `hodel2022circular' multiply defined.

)
\openout1 = `onStepsAndTurns.aux'.

LaTeX Font Info:    Checking defaults for OML/cmm/m/it on input line 46.
LaTeX Font Info:    ... okay on input line 46.
LaTeX Font Info:    Checking defaults for OMS/cmsy/m/n on input line 46.
LaTeX Font Info:    ... okay on input line 46.
LaTeX Font Info:    Checking defaults for OT1/cmr/m/n on input line 46.
LaTeX Font Info:    ... okay on input line 46.
LaTeX Font Info:    Checking defaults for T1/cmr/m/n on input line 46.
LaTeX Font Info:    ... okay on input line 46.
LaTeX Font Info:    Checking defaults for TS1/cmr/m/n on input line 46.
LaTeX Font Info:    ... okay on input line 46.
LaTeX Font Info:    Checking defaults for OMX/cmex/m/n on input line 46.
LaTeX Font Info:    ... okay on input line 46.
LaTeX Font Info:    Checking defaults for U/cmr/m/n on input line 46.
LaTeX Font Info:    ... okay on input line 46.
LaTeX Font Info:    Checking defaults for PD1/pdf/m/n on input line 46.
LaTeX Font Info:    ... okay on input line 46.
LaTeX Font Info:    Checking defaults for PU/pdf/m/n on input line 46.
LaTeX Font Info:    ... okay on input line 46.

*geometry* driver: auto-detecting
*geometry* detected driver: pdftex
*geometry* verbose mode - [ preamble ] result:
* driver: pdftex
* paper: <default>
* layout: <same size as paper>
* layoutoffset:(h,v)=(0.0pt,0.0pt)
* modes: 
* h-part:(L,W,R)=(92.14519pt, 430.00462pt, 92.14519pt)
* v-part:(T,H,B)=(95.39737pt, 556.47656pt, 143.09605pt)
* \paperwidth=614.295pt
* \paperheight=794.96999pt
* \textwidth=430.00462pt
* \textheight=556.47656pt
* \oddsidemargin=19.8752pt
* \evensidemargin=19.8752pt
* \topmargin=-13.87262pt
* \headheight=12.0pt
* \headsep=25.0pt
* \topskip=12.0pt
* \footskip=30.0pt
* \marginparwidth=44.0pt
* \marginparsep=10.0pt
* \columnsep=10.0pt
* \skip\footins=10.8pt plus 4.0pt minus 2.0pt
* \hoffset=0.0pt
* \voffset=0.0pt
* \mag=1000
* \@twocolumnfalse
* \@twosidefalse
* \@mparswitchfalse
* \@reversemarginfalse
* (1in=72.27pt=25.4mm, 1cm=28.453pt)

Package caption Info: Begin \AtBeginDocument code.
Package caption Info: hyperref package is loaded.
Package caption Info: End \AtBeginDocument code.
(/usr/local/texlive/2023/texmf-dist/tex/context/base/mkii/supp-pdf.mkii
[Loading MPS to PDF converter (version 2006.09.02).]
\scratchcounter=\count314
\scratchdimen=\dimen258
\scratchbox=\box62
\nofMPsegments=\count315
\nofMParguments=\count316
\everyMPshowfont=\toks35
\MPscratchCnt=\count317
\MPscratchDim=\dimen259
\MPnumerator=\count318
\makeMPintoPDFobject=\count319
\everyMPtoPDFconversion=\toks36
) (/usr/local/texlive/2023/texmf-dist/tex/latex/epstopdf-pkg/epstopdf-base.sty
Package: epstopdf-base 2020-01-24 v2.11 Base part for package epstopdf

(/usr/local/texlive/2023/texmf-dist/tex/latex/grfext/grfext.sty
Package: grfext 2019/12/03 v1.3 Manage graphics extensions (HO)
)
Package epstopdf-base Info: Redefining graphics rule for `.eps' on input line 4
85.
Package grfext Info: Graphics extension search list:
(grfext)             [.pdf,.png,.jpg,.mps,.jpeg,.jbig2,.jb2,.PDF,.PNG,.JPG,.JPE
G,.JBIG2,.JB2,.eps]
(grfext)             \AppendGraphicsExtensions on input line 504.

(/usr/local/texlive/2023/texmf-dist/tex/latex/latexconfig/epstopdf-sys.cfg
File: epstopdf-sys.cfg 2010/07/13 v1.3 Configuration of (r)epstopdf for TeX Liv
e
))
Package hyperref Info: Link coloring ON on input line 46.

(./onStepsAndTurns.out) (./onStepsAndTurns.out)
\@outlinefile=\write5
\openout5 = `onStepsAndTurns.out'.


(./onStepsAndTurns-concordance.tex)
LaTeX Font Info:    Trying to load font information for T1+cmtt on input line 5
2.

(/usr/local/texlive/2023/texmf-dist/tex/latex/base/t1cmtt.fd
File: t1cmtt.fd 2022/07/10 v2.5l Standard LaTeX font definitions
)
LaTeX Font Info:    Trying to load font information for U+msa on input line 71.


(/usr/local/texlive/2023/texmf-dist/tex/latex/amsfonts/umsa.fd
File: umsa.fd 2013/01/14 v3.01 AMS symbols A
)
LaTeX Font Info:    Trying to load font information for U+msb on input line 71.


(/usr/local/texlive/2023/texmf-dist/tex/latex/amsfonts/umsb.fd
File: umsb.fd 2013/01/14 v3.01 AMS symbols B
) [1
Non-PDF special ignored!
<special> header=psfrag.pro

{/usr/local/texlive/2023/texmf-var/fonts/map/pdftex/updmap/pdftex.map}{/usr/loc
al/texlive/2023/texmf-dist/fonts/enc/dvips/cm-super/cm-super-t1.enc}]
*geometry* verbose mode - [ newgeometry ] result:
* driver: pdftex
* paper: <default>
* layout: <same size as paper>
* layoutoffset:(h,v)=(0.0pt,0.0pt)
* modes: 
* h-part:(L,W,R)=(85.35826pt, 443.57848pt, 85.35826pt)
* v-part:(T,H,B)=(85.35826pt, 624.25346pt, 85.35826pt)
* \paperwidth=614.295pt
* \paperheight=794.96999pt
* \textwidth=443.57848pt
* \textheight=624.25346pt
* \oddsidemargin=13.08827pt
* \evensidemargin=13.08827pt
* \topmargin=-23.91173pt
* \headheight=12.0pt
* \headsep=25.0pt
* \topskip=12.0pt
* \footskip=30.0pt
* \marginparwidth=44.0pt
* \marginparsep=10.0pt
* \columnsep=10.0pt
* \skip\footins=10.8pt plus 4.0pt minus 2.0pt
* \hoffset=0.0pt
* \voffset=0.0pt
* \mag=1000
* \@twocolumnfalse
* \@twosidefalse
* \@mparswitchfalse
* \@reversemarginfalse
* (1in=72.27pt=25.4mm, 1cm=28.453pt)


Underfull \hbox (badness 10000) in paragraph at lines 118--127

 []

LaTeX Font Info:    Trying to load font information for T1+cmss on input line 1
27.
(/usr/local/texlive/2023/texmf-dist/tex/latex/base/t1cmss.fd
File: t1cmss.fd 2022/07/10 v2.5l Standard LaTeX font definitions
) [2


] [3]
Overfull \hbox (74.68758pt too wide) in paragraph at lines 178--180
\T1/cmr/m/n/12 where $\OT1/cmr/bx/n/12 ^^@[] \OT1/cmr/m/n/12 = []$ \T1/cmr/m/n/
12 is the $\OML/cmm/m/it/12 N \OMS/cmsy/m/n/12 ^^B \OML/cmm/m/it/12 N$ \T1/cmr/
m/n/12 tran-si-tion prob-a-bil-ity ma-trix, $\OT1/cmr/bx/n/12 P\OT1/cmr/m/n/12 
(\OML/cmm/m/it/12 l[]; a[]\OT1/cmr/m/n/12 ) = [](\OML/cmm/m/it/12 p[]\OT1/cmr/m
/n/12 (\OML/cmm/m/it/12 l[]; a[]\OT1/cmr/m/n/12 )\OML/cmm/m/it/12 ; [] ; p[]\OT
1/cmr/m/n/12 (\OML/cmm/m/it/12 l[]; a[]\OT1/cmr/m/n/12 ))$\T1/cmr/m/n/12 ,
 []

[4] [5] [6] [7]
<corrPlot.pdf, id=230, 578.16pt x 578.16pt>
File: corrPlot.pdf Graphic file (type pdf)
<use corrPlot.pdf>
Package pdftex.def Info: corrPlot.pdf  used on input line 247.
(pdftex.def)             Requested size: 443.57848pt x 443.57896pt.
 [8] [9 <./corrPlot.pdf>] [10] [11] [12]
<../simulations/crwDensPlots.pdf, id=359, 578.16pt x 794.97pt>
File: ../simulations/crwDensPlots.pdf Graphic file (type pdf)
<use ../simulations/crwDensPlots.pdf>
Package pdftex.def Info: ../simulations/crwDensPlots.pdf  used on input line 31
4.
(pdftex.def)             Requested size: 443.57848pt x 609.9211pt.


LaTeX Warning: Float too large for page by 50.06764pt on input line 317.

[13] [14 <../simulations/crwDensPlots.pdf>] [15] [16]
<../simulations/crwViterbiPlots.pdf, id=434, 578.16pt x 794.97pt>
File: ../simulations/crwViterbiPlots.pdf Graphic file (type pdf)
<use ../simulations/crwViterbiPlots.pdf>
Package pdftex.def Info: ../simulations/crwViterbiPlots.pdf  used on input line
 375.
(pdftex.def)             Requested size: 399.21791pt x 548.91806pt.


LaTeX Warning: Float too large for page by 29.86462pt on input line 378.

<../simulations/crwBeta21Plots.pdf, id=435, 578.16pt x 794.97pt>
File: ../simulations/crwBeta21Plots.pdf Graphic file (type pdf)
<use ../simulations/crwBeta21Plots.pdf>
Package pdftex.def Info: ../simulations/crwBeta21Plots.pdf  used on input line 
382.
(pdftex.def)             Requested size: 399.21791pt x 548.91806pt.

LaTeX Warning: Float too large for page by 43.46463pt on input line 385.

[17] [18 <../simulations/crwViterbiPlots.pdf>] [19 <../simulations/crwBeta21Plo
ts.pdf>]
<../simulations/spatViterbiPlots.pdf, id=479, 578.16pt x 794.97pt>
File: ../simulations/spatViterbiPlots.pdf Graphic file (type pdf)
<use ../simulations/spatViterbiPlots.pdf>
Package pdftex.def Info: ../simulations/spatViterbiPlots.pdf  used on input lin
e 395.
(pdftex.def)             Requested size: 399.21791pt x 548.91806pt.


LaTeX Warning: Float too large for page by 57.06464pt on input line 398.

<../simulations/spatBeta21Plots.pdf, id=480, 578.16pt x 794.97pt>
File: ../simulations/spatBeta21Plots.pdf Graphic file (type pdf)
<use ../simulations/spatBeta21Plots.pdf>
Package pdftex.def Info: ../simulations/spatBeta21Plots.pdf  used on input line
 402.
(pdftex.def)             Requested size: 399.21791pt x 548.91806pt.

LaTeX Warning: Float too large for page by 70.66464pt on input line 405.

<../examples/ses/sesStepTurnCor.pdf, id=488, 578.16pt x 794.97pt>
File: ../examples/ses/sesStepTurnCor.pdf Graphic file (type pdf)
<use ../examples/ses/sesStepTurnCor.pdf>
Package pdftex.def Info: ../examples/ses/sesStepTurnCor.pdf  used on input line
 414.
(pdftex.def)             Requested size: 399.21791pt x 548.91806pt.

LaTeX Warning: Float too large for page by 2.66461pt on input line 417.

[20] [21 <../simulations/spatViterbiPlots.pdf>] [22 <../simulations/spatBeta21P
lots.pdf>] [23 <../examples/ses/sesStepTurnCor.pdf>] [24] [25]
<../examples/ses/bcrwdens.pdf, id=590, 794.97pt x 794.97pt>
File: ../examples/ses/bcrwdens.pdf Graphic file (type pdf)
<use ../examples/ses/bcrwdens.pdf>
Package pdftex.def Info: ../examples/ses/bcrwdens.pdf  used on input line 476.
(pdftex.def)             Requested size: 399.21791pt x 399.23077pt.
<../examples/ses/mpos.pdf, id=591, 867.24pt x 433.62pt>
File: ../examples/ses/mpos.pdf Graphic file (type pdf)
<use ../examples/ses/mpos.pdf>
Package pdftex.def Info: ../examples/ses/mpos.pdf  used on input line 483.
(pdftex.def)             Requested size: 399.21791pt x 199.61317pt.
<../examples/ses/simmpos.pdf, id=592, 867.24pt x 433.62pt>
File: ../examples/ses/simmpos.pdf Graphic file (type pdf)
<use ../examples/ses/simmpos.pdf>
Package pdftex.def Info: ../examples/ses/simmpos.pdf  used on input line 484.
(pdftex.def)             Requested size: 399.21791pt x 199.61317pt.
<../examples/ses/bathComp.pdf, id=593, 794.97pt x 794.97pt>
File: ../examples/ses/bathComp.pdf Graphic file (type pdf)
<use ../examples/ses/bathComp.pdf>
Package pdftex.def Info: ../examples/ses/bathComp.pdf  used on input line 491.
(pdftex.def)             Requested size: 399.21791pt x 399.23077pt.
 [26] [27 <../examples/ses/bcrwdens.pdf>] [28 <../examples/ses/mpos.pdf> <../ex
amples/ses/simmpos.pdf>] [29 <../examples/ses/bathComp.pdf>] [30] [31] (./onSte
psAndTurns.bbl
[32] [33] [34] [35] [36])

Package natbib Warning: There were multiply defined citations.

[37] (./onStepsAndTurns.aux)
Package rerunfilecheck Info: File `onStepsAndTurns.out' has not changed.
(rerunfilecheck)             Checksum: 80453BA7F859CCFCED13E6CDC68F170C;1668.
 ) 
Here is how much of TeX's memory you used:
 14736 strings out of 476025
 237418 string characters out of 5790017
 1870388 words of memory out of 5000000
 34753 multiletter control sequences out of 15000+600000
 541661 words of font info for 109 fonts, out of 8000000 for 9000
 1141 hyphenation exceptions out of 8191
 75i,13n,77p,2369b,658s stack positions out of 10000i,1000n,20000p,200000b,200000s

pdfTeX warning (dest): name{figure.caption.34} has been referenced but does not
 exist, replaced by a fixed one


pdfTeX warning (dest): name{figure.caption.33} has been referenced but does not
 exist, replaced by a fixed one


pdfTeX warning (dest): name{table.2} has been referenced but does not exist, re
placed by a fixed one


pdfTeX warning (dest): name{figure.caption.32} has been referenced but does not
 exist, replaced by a fixed one


pdfTeX warning (dest): name{figure.caption.31} has been referenced but does not
 exist, replaced by a fixed one


pdfTeX warning (dest): name{figure.caption.30} has been referenced but does not
 exist, replaced by a fixed one


pdfTeX warning (dest): name{figure.caption.29} has been referenced but does not
 exist, replaced by a fixed one


pdfTeX warning (dest): name{figure.caption.28} has been referenced but does not
 exist, replaced by a fixed one


pdfTeX warning (dest): name{table.caption.26} has been referenced but does not 
exist, replaced by a fixed one


pdfTeX warning (dest): name{figure.caption.27} has been referenced but does not
 exist, replaced by a fixed one


pdfTeX warning (dest): name{figure.caption.25} has been referenced but does not
 exist, replaced by a fixed one


pdfTeX warning (dest): name{figure.caption.24} has been referenced but does not
 exist, replaced by a fixed one


pdfTeX warning (dest): name{figure.caption.23} has been referenced but does not
 exist, replaced by a fixed one


pdfTeX warning (dest): name{figure.caption.21} has been referenced but does not
 exist, replaced by a fixed one


pdfTeX warning (dest): name{figure.caption.20} has been referenced but does not
 exist, replaced by a fixed one


pdfTeX warning (dest): name{figure.caption.19} has been referenced but does not
 exist, replaced by a fixed one


pdfTeX warning (dest): name{figure.caption.16} has been referenced but does not
 exist, replaced by a fixed one


pdfTeX warning (dest): name{figure.caption.15} has been referenced but does not
 exist, replaced by a fixed one


pdfTeX warning (dest): name{figure.caption.14} has been referenced but does not
 exist, replaced by a fixed one


pdfTeX warning (dest): name{figure.caption.13} has been referenced but does not
 exist, replaced by a fixed one


pdfTeX warning (dest): name{figure.caption.3} has been referenced but does not 
exist, replaced by a fixed one

</usr/local/texlive/2023/texmf-dist/fonts/type1/public/amsfonts/cm/cmbx12.pfb><
/usr/local/texlive/2023/texmf-dist/fonts/type1/public/amsfonts/cm/cmbx8.pfb></u
sr/local/texlive/2023/texmf-dist/fonts/type1/public/amsfonts/cm/cmex10.pfb></us
r/local/texlive/2023/texmf-dist/fonts/type1/public/amsfonts/cmextra/cmex8.pfb><
/usr/local/texlive/2023/texmf-dist/fonts/type1/public/amsfonts/cm/cmmi10.pfb></
usr/local/texlive/2023/texmf-dist/fonts/type1/public/amsfonts/cm/cmmi12.pfb></u
sr/local/texlive/2023/texmf-dist/fonts/type1/public/amsfonts/cm/cmmi6.pfb></usr
/local/texlive/2023/texmf-dist/fonts/type1/public/amsfonts/cm/cmmi8.pfb></usr/l
ocal/texlive/2023/texmf-dist/fonts/type1/public/amsfonts/cm/cmmib10.pfb></usr/l
ocal/texlive/2023/texmf-dist/fonts/type1/public/amsfonts/cm/cmr10.pfb></usr/loc
al/texlive/2023/texmf-dist/fonts/type1/public/amsfonts/cm/cmr12.pfb></usr/local
/texlive/2023/texmf-dist/fonts/type1/public/amsfonts/cm/cmr6.pfb></usr/local/te
xlive/2023/texmf-dist/fonts/type1/public/amsfonts/cm/cmr8.pfb></usr/local/texli
ve/2023/texmf-dist/fonts/type1/public/amsfonts/cm/cmsy10.pfb></usr/local/texliv
e/2023/texmf-dist/fonts/type1/public/amsfonts/cm/cmsy6.pfb></usr/local/texlive/
2023/texmf-dist/fonts/type1/public/amsfonts/cm/cmsy8.pfb></usr/local/texlive/20
23/texmf-dist/fonts/type1/public/cm-super/sfbl1095.pfb></usr/local/texlive/2023
/texmf-dist/fonts/type1/public/cm-super/sfbx1200.pfb></usr/local/texlive/2023/t
exmf-dist/fonts/type1/public/cm-super/sfbx1440.pfb></usr/local/texlive/2023/tex
mf-dist/fonts/type1/public/cm-super/sfbx1728.pfb></usr/local/texlive/2023/texmf
-dist/fonts/type1/public/cm-super/sfbx2074.pfb></usr/local/texlive/2023/texmf-d
ist/fonts/type1/public/cm-super/sfcc1200.pfb></usr/local/texlive/2023/texmf-dis
t/fonts/type1/public/cm-super/sfrm1200.pfb></usr/local/texlive/2023/texmf-dist/
fonts/type1/public/cm-super/sfrm1440.pfb></usr/local/texlive/2023/texmf-dist/fo
nts/type1/public/cm-super/sfrm1728.pfb></usr/local/texlive/2023/texmf-dist/font
s/type1/public/cm-super/sfsl1095.pfb></usr/local/texlive/2023/texmf-dist/fonts/
type1/public/cm-super/sfss0800.pfb></usr/local/texlive/2023/texmf-dist/fonts/ty
pe1/public/cm-super/sfst1200.pfb></usr/local/texlive/2023/texmf-dist/fonts/type
1/public/cm-super/sfti1200.pfb></usr/local/texlive/2023/texmf-dist/fonts/type1/
public/cm-super/sfti1440.pfb></usr/local/texlive/2023/texmf-dist/fonts/type1/pu
blic/cm-super/sftt1200.pfb>
Output written on onStepsAndTurns.pdf (37 pages, 33353458 bytes).
PDF statistics:
 878 PDF objects out of 1000 (max. 8388607)
 743 compressed objects within 8 object streams
 157 named destinations out of 1000 (max. 500000)
 156 words of extra memory for PDF output out of 10000 (max. 10000000)

