This is pdfTeX, Version 3.141592653-2.6-1.40.29 (TeX Live 2026) (preloaded format=pdflatex 2026.7.15)  20 JUL 2026 14:27
entering extended mode
 restricted \write18 enabled.
 %&-line parsing enabled.
**onStepsAndTurns_orig.tex
(./onStepsAndTurns_orig.tex
LaTeX2e <2026-06-01>
L3 programming layer <2026-05-26>
(/Users/brett.mcclintock/Library/TinyTeX/texmf-dist/tex/latex/base/article.cls
Document Class: article 2025/01/22 v1.4n Standard LaTeX document class
(/Users/brett.mcclintock/Library/TinyTeX/texmf-dist/tex/latex/base/size12.clo
File: size12.clo 2025/01/22 v1.4n Standard LaTeX file (size option)
)
\c@part=\count276
\c@section=\count277
\c@subsection=\count278
\c@subsubsection=\count279
\c@paragraph=\count280
\c@subparagraph=\count281
\c@figure=\count282
\c@table=\count283
\abovecaptionskip=\skip49
\belowcaptionskip=\skip50
\bibindent=\dimen150
) (/Users/brett.mcclintock/Library/TinyTeX/texmf-dist/tex/latex/graphics/graphicx.sty
Package: graphicx 2026-05-17 v1.2e Enhanced LaTeX Graphics (DPC,SPQR)
(/Users/brett.mcclintock/Library/TinyTeX/texmf-dist/tex/latex/graphics/keyval.sty
Package: keyval 2026-05-17 v1.15 key=value parser (DPC)
\KV@toks@=\toks17
) (/Users/brett.mcclintock/Library/TinyTeX/texmf-dist/tex/latex/graphics/graphics.sty
Package: graphics 2026-05-17 v1.4h Standard LaTeX Graphics (DPC,SPQR)
(/Users/brett.mcclintock/Library/TinyTeX/texmf-dist/tex/latex/graphics/trig.sty
Package: trig 2023/12/02 v1.11 sin cos tan (DPC)
) (/Users/brett.mcclintock/Library/TinyTeX/texmf-dist/tex/latex/graphics-cfg/graphics.cfg
File: graphics.cfg 2016/06/04 v1.11 sample graphics configuration
)
Package graphics Info: Driver file: pdftex.def on input line 106.
(/Users/brett.mcclintock/Library/TinyTeX/texmf-dist/tex/latex/graphics-def/pdftex.def
File: pdftex.def 2025/09/29 v1.2d Graphics/color driver for pdftex
))
\Gin@req@height=\dimen151
\Gin@req@width=\dimen152
) (/Users/brett.mcclintock/Library/TinyTeX/texmf-dist/tex/latex/xcolor/xcolor.sty
Package: xcolor 2024/09/29 v3.02 LaTeX color extensions (UK)
(/Users/brett.mcclintock/Library/TinyTeX/texmf-dist/tex/latex/graphics-cfg/color.cfg
File: color.cfg 2016/01/02 v1.6 sample color configuration
)
Package xcolor Info: Driver file: pdftex.def on input line 274.
(/Users/brett.mcclintock/Library/TinyTeX/texmf-dist/tex/latex/graphics/mathcolor.ltx)
Package xcolor Info: Model `cmy' substituted by `cmy0' on input line 1349.
Package xcolor Info: Model `hsb' substituted by `rgb' on input line 1353.
Package xcolor Info: Model `RGB' extended on input line 1365.
Package xcolor Info: Model `HTML' substituted by `rgb' on input line 1367.
Package xcolor Info: Model `Hsb' substituted by `hsb' on input line 1368.
Package xcolor Info: Model `tHsb' substituted by `hsb' on input line 1369.
Package xcolor Info: Model `HSB' substituted by `hsb' on input line 1370.
Package xcolor Info: Model `Gray' substituted by `gray' on input line 1371.
Package xcolor Info: Model `wave' substituted by `hsb' on input line 1372.
) (/Users/brett.mcclintock/Library/TinyTeX/texmf-dist/tex/latex/framed/framed.sty
Package: framed 2011/10/22 v 0.96: framed or shaded text with page breaks
\OuterFrameSep=\skip51
\fb@frw=\dimen153
\fb@frh=\dimen154
\FrameRule=\dimen155
\FrameSep=\dimen156
) (/Users/brett.mcclintock/Library/TinyTeX/texmf-dist/tex/latex/base/alltt.sty
Package: alltt 2024/07/07 v2.0g defines alltt environment
) (/Users/brett.mcclintock/Library/TinyTeX/texmf-dist/tex/latex/base/inputenc.sty
Package: inputenc 2024/02/08 v1.3d Input encoding file
\inpenc@prehook=\toks18
\inpenc@posthook=\toks19
(/Users/brett.mcclintock/Library/TinyTeX/texmf-dist/tex/latex/base/latin9.def
File: latin9.def 2024/02/08 v1.3d Input encoding file
LaTeX Encoding Info:    Ignoring declaration for text command \textdegree (encoding ?) on input line 47.
LaTeX Encoding Info:    Ignoring declaration for text command \textcent (encoding ?) on input line 48.
LaTeX Encoding Info:    Ignoring declaration for text command \textyen (encoding ?) on input line 50.
LaTeX Encoding Info:    Ignoring declaration for text command \texteuro (encoding ?) on input line 52.
)) (/Users/brett.mcclintock/Library/TinyTeX/texmf-dist/tex/latex/geometry/geometry.sty
Package: geometry 2026/03/07 v6.0 Page Geometry
(/Users/brett.mcclintock/Library/TinyTeX/texmf-dist/tex/generic/iftex/ifvtex.sty
Package: ifvtex 2019/10/25 v1.7 ifvtex legacy package. Use iftex instead.
(/Users/brett.mcclintock/Library/TinyTeX/texmf-dist/tex/generic/iftex/iftex.sty
Package: iftex 2024/12/12 v1.0g TeX engine tests
))
\Gm@cnth=\count284
\Gm@cntv=\count285
\c@Gm@tempcnt=\count286
\Gm@bindingoffset=\dimen157
\Gm@wd@mp=\dimen158
\Gm@odd@mp=\dimen159
\Gm@even@mp=\dimen160
\Gm@layoutwidth=\dimen161
\Gm@layoutheight=\dimen162
\Gm@layouthoffset=\dimen163
\Gm@layoutvoffset=\dimen164
\Gm@dimlist=\toks20
) (/Users/brett.mcclintock/Library/TinyTeX/texmf-dist/tex/latex/amsmath/amsmath.sty
Package: amsmath 2026/05/19 v2.18d AMS math features
\@mathmargin=\skip52
For additional information on amsmath, use the `?' option.
(/Users/brett.mcclintock/Library/TinyTeX/texmf-dist/tex/latex/amsmath/amstext.sty
Package: amstext 2024/11/17 v2.01 AMS text
(/Users/brett.mcclintock/Library/TinyTeX/texmf-dist/tex/latex/amsmath/amsgen.sty
File: amsgen.sty 1999/11/30 v2.0 generic functions
\@emptytoks=\toks21
\ex@=\dimen165
)) (/Users/brett.mcclintock/Library/TinyTeX/texmf-dist/tex/latex/amsmath/amsbsy.sty
Package: amsbsy 1999/11/29 v1.2d Bold Symbols
\pmbraise@=\dimen166
) (/Users/brett.mcclintock/Library/TinyTeX/texmf-dist/tex/latex/amsmath/amsopn.sty
Package: amsopn 2022/04/08 v2.04 operator names
)
\inf@bad=\count287
LaTeX Info: Redefining \frac on input line 233.
\uproot@=\count288
\leftroot@=\count289
LaTeX Info: Redefining \overline on input line 398.
LaTeX Info: Redefining \colon on input line 409.
\classnum@=\count290
\DOTSCASE@=\count291
LaTeX Info: Redefining \ldots on input line 495.
LaTeX Info: Redefining \dots on input line 498.
LaTeX Info: Redefining \cdots on input line 619.
\Mathstrutbox@=\box53
\strutbox@=\box54
LaTeX Info: Redefining \big on input line 721.
LaTeX Info: Redefining \Big on input line 722.
LaTeX Info: Redefining \bigg on input line 723.
LaTeX Info: Redefining \Bigg on input line 724.
\big@size=\dimen167
LaTeX Font Info:    Redeclaring font encoding OML on input line 742.
LaTeX Font Info:    Redeclaring font encoding OMS on input line 743.
\macc@depth=\count292
LaTeX Info: Redefining \bmod on input line 904.
LaTeX Info: Redefining \pmod on input line 909.
LaTeX Info: Redefining \smash on input line 939.
LaTeX Info: Redefining \relbar on input line 969.
LaTeX Info: Redefining \Relbar on input line 970.
\c@MaxMatrixCols=\count293
\dotsspace@=\muskip17
\c@parentequation=\count294
\dspbrk@lvl=\count295
\tag@help=\toks22
\row@=\count296
\column@=\count297
\maxfields@=\count298
\andhelp@=\toks23
\eqnshift@=\dimen168
\alignsep@=\dimen169
\tagshift@=\dimen170
\tagwidth@=\dimen171
\totwidth@=\dimen172
\lineht@=\dimen173
\@envbody=\toks24
\multlinegap=\skip53
\multlinetaggap=\skip54
\mathdisplay@stack=\toks25
LaTeX Info: Redefining \[ on input line 2965.
LaTeX Info: Redefining \] on input line 2966.
) (./math.sty (/Users/brett.mcclintock/Library/TinyTeX/texmf-dist/tex/latex/l3packages/xparse/xparse.sty (/Users/brett.mcclintock/Library/TinyTeX/texmf-dist/tex/latex/l3kernel/expl3.sty
Package: expl3 2026-05-26 L3 programming layer (loader) 
(/Users/brett.mcclintock/Library/TinyTeX/texmf-dist/tex/latex/l3backend/l3backend-pdftex.def
File: l3backend-pdftex.def 2026-02-18 L3 backend support: PDF output (pdfTeX)
\l__color_backend_stack_int=\count299
))
Package: xparse 2025-10-09 L3 Experimental document command parser
) (/Users/brett.mcclintock/Library/TinyTeX/texmf-dist/tex/latex/accents/accents.sty
Package: accents 2006/05/12 v1.4 Math Accent Tools
\cc@skew=\dimen174
\cc@wd=\dimen175
\cc@code=\count300
\cc@group=\count301
\cc@skewchar=\count302
)) (/Users/brett.mcclintock/Library/TinyTeX/texmf-dist/tex/latex/amsfonts/amssymb.sty
Package: amssymb 2013/01/14 v3.01 AMS font symbols
(/Users/brett.mcclintock/Library/TinyTeX/texmf-dist/tex/latex/amsfonts/amsfonts.sty
Package: amsfonts 2013/01/14 v3.01 Basic AMSFonts support
\symAMSa=\mathgroup4
\symAMSb=\mathgroup5
LaTeX Font Info:    Redeclaring math symbol \hbar on input line 98.
LaTeX Font Info:    Overwriting math alphabet `\mathfrak' in version `bold'
(Font)                  U/euf/m/n --> U/euf/b/n on input line 106.
)) (/Users/brett.mcclintock/Library/TinyTeX/texmf-dist/tex/latex/setspace/setspace.sty
Package: setspace 2022/12/04 v6.7b set line spacing
) (/Users/brett.mcclintock/Library/TinyTeX/texmf-dist/tex/latex/commath/commath.sty (/Users/brett.mcclintock/Library/TinyTeX/texmf-dist/tex/latex/base/ifthen.sty
Package: ifthen 2024/03/16 v1.1e Standard LaTeX ifthen package (DPC)
)) (/Users/brett.mcclintock/Library/TinyTeX/texmf-dist/tex/latex/natbib/natbib.sty
Package: natbib 2010/09/13 8.31b (PWD, AO)
\bibhang=\skip55
\bibsep=\skip56
LaTeX Info: Redefining \cite on input line 694.
\c@NAT@ctr=\count303
) (/Users/brett.mcclintock/Library/TinyTeX/texmf-dist/tex/latex/caption/caption.sty
Package: caption 2023/08/05 v3.6o Customizing captions (AR)
(/Users/brett.mcclintock/Library/TinyTeX/texmf-dist/tex/latex/caption/caption3.sty
Package: caption3 2023/07/31 v2.4d caption3 kernel (AR)
\caption@tempdima=\dimen176
\captionmargin=\dimen177
\caption@leftmargin=\dimen178
\caption@rightmargin=\dimen179
\caption@width=\dimen180
\caption@indent=\dimen181
\caption@parindent=\dimen182
\caption@hangindent=\dimen183
Package caption Info: Standard document class detected.
)
\c@caption@flags=\count304
\c@continuedfloat=\count305
) (/Users/brett.mcclintock/Library/TinyTeX/texmf-dist/tex/latex/amscls/amsthm.sty
Package: amsthm 2020/05/29 v2.20.6
\thm@style=\toks26
\thm@bodyfont=\toks27
\thm@headfont=\toks28
\thm@notefont=\toks29
\thm@headpunct=\toks30
\thm@preskip=\skip57
\thm@postskip=\skip58
\thm@headsep=\skip59
\dth@everypar=\toks31
) (/Users/brett.mcclintock/Library/TinyTeX/texmf-dist/tex/latex/graphics/epsfig.sty
Package: epsfig 2024/01/14 v1.7b (e)psfig emulation (SPQR)
\epsfxsize=\dimen184
\epsfysize=\dimen185
) (/Users/brett.mcclintock/Library/TinyTeX/texmf-dist/tex/latex/psfrag/psfrag.sty
Package: psfrag 1998/04/11 v3.04 PSfrag (MCG)
\pfg@pcount=\count306
\pfg@scount=\count307
\pfg@temp=\write3
) (/Users/brett.mcclintock/Library/TinyTeX/texmf-dist/tex/latex/booktabs/booktabs.sty
Package: booktabs 2020/01/12 v1.61803398 Publication quality tables
\heavyrulewidth=\dimen186
\lightrulewidth=\dimen187
\cmidrulewidth=\dimen188
\belowrulesep=\dimen189
\belowbottomsep=\dimen190
\aboverulesep=\dimen191
\abovetopsep=\dimen192
\cmidrulesep=\dimen193
\cmidrulekern=\dimen194
\defaultaddspace=\dimen195
\@cmidla=\count308
\@cmidlb=\count309
\@aboverulesep=\dimen196
\@belowrulesep=\dimen197
\@thisruleclass=\count310
\@lastruleclass=\count311
\@thisrulewidth=\dimen198
) (/Users/brett.mcclintock/Library/TinyTeX/texmf-dist/tex/latex/lineno/lineno.sty
Package: lineno 2026/03/08 line numbers on paragraphs v5.9
(/Users/brett.mcclintock/Library/TinyTeX/texmf-dist/tex/latex/etoolbox/etoolbox.sty
Package: etoolbox 2025/10/02 v2.5m e-TeX tools for LaTeX (JAW)
\etb@tempcnta=\count312
) (/Users/brett.mcclintock/Library/TinyTeX/texmf-dist/tex/latex/kvoptions/kvoptions.sty
Package: kvoptions 2022-06-15 v3.15 Key value format for package options (HO)
(/Users/brett.mcclintock/Library/TinyTeX/texmf-dist/tex/generic/ltxcmds/ltxcmds.sty
Package: ltxcmds 2023-12-04 v1.26 LaTeX kernel commands for general use (HO)
) (/Users/brett.mcclintock/Library/TinyTeX/texmf-dist/tex/latex/kvsetkeys/kvsetkeys.sty
Package: kvsetkeys 2022-10-05 v1.19 Key value parser (HO)
))
\linenopenalty=\count313
\output=\toks32
\linenoprevgraf=\count314
\linenumbersep=\dimen199
\linenumberwidth=\dimen256
\c@linenumber=\count315
\c@pagewiselinenumber=\count316
\c@LN@truepage=\count317
\c@internallinenumber=\count318
\c@internallinenumbers=\count319
\quotelinenumbersep=\dimen257
\bframerule=\dimen258
\bframesep=\dimen259
\bframebox=\box55
\@LN@amsmath@ams@eqpen=\count320
) (/Users/brett.mcclintock/Library/TinyTeX/texmf-dist/tex/latex/blkarray/blkarray.sty
Package: blkarray 2015/02/27 v0.07 Block array (dpc)
\c@BAenumi=\count321
\BA@col=\count322
\BA@block@cnt=\count323
\BA@final@box=\box56
\BA@first@box=\box57
\BA@colsep=\dimen260
\BA@ftn=\toks33
\BAextrarowheight=\dimen261
\BAextraheightafterhline=\dimen262
\BAarrayrulewidth=\dimen263
\BAdoublerulesep=\dimen264
\BAfootskip=\dimen265
\BA@dashbox=\box58
\BA@ddashbox=\box59
) (/Users/brett.mcclintock/Library/TinyTeX/texmf-dist/tex/latex/url/url.sty
\Urlmuskip=\muskip18
Package: url 2013/09/16  ver 3.4  Verb mode for urls, etc.
) (/Users/brett.mcclintock/Library/TinyTeX/texmf-dist/tex/latex/colortbl/colortbl.sty
Package: colortbl 2026/05/01 v1.0l Color table columns (DPC)
(/Users/brett.mcclintock/Library/TinyTeX/texmf-dist/tex/latex/tools/array.sty
Package: array 2026/02/24 v2.7b Tabular extension package (FMi)
\col@sep=\dimen266
\ar@mcellbox=\box60
\extrarowheight=\dimen267
\NC@list=\toks34
\extratabsurround=\skip60
\backup@length=\skip61
\ar@cellbox=\box61
)
new hooks used!!
\minrowclearance=\skip62
\rownum=\count324
) (/Users/brett.mcclintock/Library/TinyTeX/texmf-dist/tex/latex/graphics/lscape.sty
Package: lscape 2020/05/28 v3.02 Landscape Pages (DPC)
) (/Users/brett.mcclintock/Library/TinyTeX/texmf-dist/tex/latex/sttools/floatpag.sty
Package: floatpag 2021/10/04 v2.0 Different pagestyles on float pages
) (/Users/brett.mcclintock/Library/TinyTeX/texmf-dist/tex/latex/tools/xr.sty
Package: xr 2024-12-22 v6.00 eXternal References (DPC)
)
Package xr Info: IMPORTING LABELS FROM Appendix_S1.aux on input line 75.
(/Users/brett.mcclintock/Library/TinyTeX/texmf-dist/tex/latex/hyperref/hyperref.sty
Package: hyperref 2026-04-24 v7.01q Hypertext links for LaTeX
(/Users/brett.mcclintock/Library/TinyTeX/texmf-dist/tex/generic/kvdefinekeys/kvdefinekeys.sty
Package: kvdefinekeys 2019-12-19 v1.6 Define keys (HO)
) (/Users/brett.mcclintock/Library/TinyTeX/texmf-dist/tex/generic/pdfescape/pdfescape.sty
Package: pdfescape 2019/12/09 v1.15 Implements pdfTeX's escape features (HO)
(/Users/brett.mcclintock/Library/TinyTeX/texmf-dist/tex/generic/pdftexcmds/pdftexcmds.sty
Package: pdftexcmds 2020-06-27 v0.33 Utility functions of pdfTeX for LuaTeX (HO)
(/Users/brett.mcclintock/Library/TinyTeX/texmf-dist/tex/generic/infwarerr/infwarerr.sty
Package: infwarerr 2019/12/03 v1.5 Providing info/warning/error messages (HO)
)
Package pdftexcmds Info: \pdf@primitive is available.
Package pdftexcmds Info: \pdf@ifprimitive is available.
Package pdftexcmds Info: \pdfdraftmode found.
)) (/Users/brett.mcclintock/Library/TinyTeX/texmf-dist/tex/latex/hycolor/hycolor.sty
Package: hycolor 2020-01-27 v1.10 Color options for hyperref/bookmark (HO)
) (/Users/brett.mcclintock/Library/TinyTeX/texmf-dist/tex/latex/hyperref/nameref.sty
Package: nameref 2026-01-29 v2.58 Cross-referencing by name of section
(/Users/brett.mcclintock/Library/TinyTeX/texmf-dist/tex/latex/refcount/refcount.sty
Package: refcount 2019/12/15 v3.6 Data extraction from label references (HO)
) (/Users/brett.mcclintock/Library/TinyTeX/texmf-dist/tex/generic/gettitlestring/gettitlestring.sty
Package: gettitlestring 2019/12/15 v1.6 Cleanup title references (HO)
)
\c@section@level=\count325
) (/Users/brett.mcclintock/Library/TinyTeX/texmf-dist/tex/generic/stringenc/stringenc.sty
Package: stringenc 2019/11/29 v1.12 Convert strings between diff. encodings (HO)
)
\@linkdim=\dimen268
\Hy@linkcounter=\count326
\Hy@pagecounter=\count327
(/Users/brett.mcclintock/Library/TinyTeX/texmf-dist/tex/latex/hyperref/pd1enc.def
File: pd1enc.def 2026-04-24 v7.01q Hyperref: PDFDocEncoding definition (HO)
Now handling font encoding PD1 ...
... no UTF-8 mapping file for font encoding PD1
) (/Users/brett.mcclintock/Library/TinyTeX/texmf-dist/tex/generic/intcalc/intcalc.sty
Package: intcalc 2019/12/15 v1.3 Expandable calculations with integers (HO)
)
\Hy@SavedSpaceFactor=\count328
(/Users/brett.mcclintock/Library/TinyTeX/texmf-dist/tex/latex/hyperref/puenc.def
File: puenc.def 2026-04-24 v7.01q Hyperref: PDF Unicode definition (HO)
Now handling font encoding PU ...
... no UTF-8 mapping file for font encoding PU
)
Package hyperref Info: Hyper figures OFF on input line 4199.
Package hyperref Info: Link nesting OFF on input line 4204.
Package hyperref Info: Hyper index ON on input line 4207.
Package hyperref Info: Plain pages OFF on input line 4214.
Package hyperref Info: Backreferencing OFF on input line 4219.
Package hyperref Info: Implicit mode ON; LaTeX internals redefined.
Package hyperref Info: Bookmarks ON on input line 4466.
\c@Hy@tempcnt=\count329
LaTeX Info: Redefining \url on input line 4805.
\XeTeXLinkMargin=\dimen269
(/Users/brett.mcclintock/Library/TinyTeX/texmf-dist/tex/generic/bitset/bitset.sty
Package: bitset 2019/12/09 v1.3 Handle bit-vector datatype (HO)
(/Users/brett.mcclintock/Library/TinyTeX/texmf-dist/tex/generic/bigintcalc/bigintcalc.sty
Package: bigintcalc 2019/12/15 v1.5 Expandable calculations on big integers (HO)
))
\Fld@menulength=\count330
\Field@Width=\dimen270
\Fld@charsize=\dimen271
Package hyperref Info: Hyper figures OFF on input line 6091.
Package hyperref Info: Link nesting OFF on input line 6096.
Package hyperref Info: Hyper index ON on input line 6099.
Package hyperref Info: backreferencing OFF on input line 6106.
Package hyperref Info: Link coloring OFF on input line 6111.
Package hyperref Info: Link coloring with OCG OFF on input line 6116.
Package hyperref Info: PDF/A mode OFF on input line 6121.
\Hy@abspage=\count331
\c@Item=\count332
\c@Hfootnote=\count333
)
Package hyperref Info: Driver (autodetected): hpdftex.
(/Users/brett.mcclintock/Library/TinyTeX/texmf-dist/tex/latex/hyperref/hpdftex.def
File: hpdftex.def 2026-04-24 v7.01q Hyperref driver for pdfTeX
\Fld@listcount=\count334
\c@bookmark@seq@number=\count335
(/Users/brett.mcclintock/Library/TinyTeX/texmf-dist/tex/latex/rerunfilecheck/rerunfilecheck.sty
Package: rerunfilecheck 2025-06-21 v1.11 Rerun checks for auxiliary files (HO)
(/Users/brett.mcclintock/Library/TinyTeX/texmf-dist/tex/generic/uniquecounter/uniquecounter.sty
Package: uniquecounter 2019/12/15 v1.4 Provide unlimited unique counter (HO)
)
Package uniquecounter Info: New unique counter `rerunfilecheck' on input line 284.
)
\Hy@SectionHShift=\skip63
)
Package hyperref Info: Option `colorlinks' set `true' on input line 81.
(./onStepsAndTurns_orig.aux

Package natbib Warning: Citation `hodel2022circular' multiply defined.

)
\openout1 = `onStepsAndTurns_orig.aux'.

LaTeX Font Info:    Checking defaults for OML/cmm/m/it on input line 95.
LaTeX Font Info:    ... okay on input line 95.
LaTeX Font Info:    Checking defaults for OMS/cmsy/m/n on input line 95.
LaTeX Font Info:    ... okay on input line 95.
LaTeX Font Info:    Checking defaults for OT1/cmr/m/n on input line 95.
LaTeX Font Info:    ... okay on input line 95.
LaTeX Font Info:    Checking defaults for T1/cmr/m/n on input line 95.
LaTeX Font Info:    ... okay on input line 95.
LaTeX Font Info:    Checking defaults for TS1/cmr/m/n on input line 95.
LaTeX Font Info:    ... okay on input line 95.
LaTeX Font Info:    Checking defaults for OMX/cmex/m/n on input line 95.
LaTeX Font Info:    ... okay on input line 95.
LaTeX Font Info:    Checking defaults for U/cmr/m/n on input line 95.
LaTeX Font Info:    ... okay on input line 95.
LaTeX Font Info:    Checking defaults for PD1/pdf/m/n on input line 95.
LaTeX Font Info:    ... okay on input line 95.
LaTeX Font Info:    Checking defaults for PU/pdf/m/n on input line 95.
LaTeX Font Info:    ... okay on input line 95.
(/Users/brett.mcclintock/Library/TinyTeX/texmf-dist/tex/latex/epstopdf-pkg/epstopdf-base.sty
Package: epstopdf-base 2020-01-24 v2.11 Base part for package epstopdf
Package epstopdf-base Info: Redefining graphics rule for `.eps' on input line 485.
(/Users/brett.mcclintock/Library/TinyTeX/texmf-dist/tex/latex/latexconfig/epstopdf-sys.cfg
File: epstopdf-sys.cfg 2010/07/13 v1.3 Configuration of (r)epstopdf for TeX Live
))
*geometry* driver: auto-detecting
*geometry* detected driver: pdftex
*geometry* verbose mode - [ preamble ] result:
* driver: pdftex
* paper: <default>
* layout: <same size as paper>
* layoutoffset:(h,v)=(0.0pt,0.0pt)
* modes: 
* h-part:(L,W,R)=(92.14519pt, 430.00462pt, 92.14519pt)
* v-part:(T,H,B)=(95.39737pt, 556.47656pt, 143.09605pt)
* \paperwidth=614.295pt
* \paperheight=794.96999pt
* \textwidth=430.00462pt
* \textheight=556.47656pt
* \oddsidemargin=19.8752pt
* \evensidemargin=19.8752pt
* \topmargin=-13.87262pt
* \headheight=12.0pt
* \headsep=25.0pt
* \topskip=12.0pt
* \footskip=30.0pt
* \marginparwidth=44.0pt
* \marginparsep=10.0pt
* \columnsep=10.0pt
* \skip\footins=10.8pt plus 4.0pt minus 2.0pt
* \hoffset=0.0pt
* \voffset=0.0pt
* \mag=1000
* \@twocolumnfalse
* \@twosidefalse
* \@mparswitchfalse
* \@reversemarginfalse
* (1in=72.27pt=25.4mm, 1cm=28.453pt)

Package caption Info: Begin \AtBeginDocument code.
Package caption Info: hyperref package is loaded.
Package caption Info: End \AtBeginDocument code.
Package hyperref Info: Link coloring ON on input line 95.
(./onStepsAndTurns_orig.out) (./onStepsAndTurns_orig.out)
\@outlinefile=\write4
\openout4 = `onStepsAndTurns_orig.out'.

LaTeX Font Info:    Trying to load font information for U+msa on input line 112.
(/Users/brett.mcclintock/Library/TinyTeX/texmf-dist/tex/latex/amsfonts/umsa.fd
File: umsa.fd 2013/01/14 v3.01 AMS symbols A
)
LaTeX Font Info:    Trying to load font information for U+msb on input line 112.
(/Users/brett.mcclintock/Library/TinyTeX/texmf-dist/tex/latex/amsfonts/umsb.fd
File: umsb.fd 2013/01/14 v3.01 AMS symbols B
)
Overfull \hbox (27.03464pt too wide) in paragraph at lines 149--151
\OT1/cmr/m/n/10.95 All data and code to re-pro-duce the anal-y-ses are avail-able at [][]$\OT1/cmtt/m/n/10.95 https : / / github . com / bmcclintock /
 []

[1
Non-PDF special ignored!
<special> header=psfrag.pro

{/Users/brett.mcclintock/Library/TinyTeX/texmf-var/fonts/map/pdftex/updmap/pdftex.map}]
*geometry* verbose mode - [ newgeometry ] result:
* driver: pdftex
* paper: <default>
* layout: <same size as paper>
* layoutoffset:(h,v)=(0.0pt,0.0pt)
* modes: 
* h-part:(L,W,R)=(85.35826pt, 443.57848pt, 85.35826pt)
* v-part:(T,H,B)=(85.35826pt, 624.25346pt, 85.35826pt)
* \paperwidth=614.295pt
* \paperheight=794.96999pt
* \textwidth=443.57848pt
* \textheight=624.25346pt
* \oddsidemargin=13.08827pt
* \evensidemargin=13.08827pt
* \topmargin=-23.91173pt
* \headheight=12.0pt
* \headsep=25.0pt
* \topskip=12.0pt
* \footskip=30.0pt
* \marginparwidth=44.0pt
* \marginparsep=10.0pt
* \columnsep=10.0pt
* \skip\footins=10.8pt plus 4.0pt minus 2.0pt
* \hoffset=0.0pt
* \voffset=0.0pt
* \mag=1000
* \@twocolumnfalse
* \@twosidefalse
* \@mparswitchfalse
* \@reversemarginfalse
* (1in=72.27pt=25.4mm, 1cm=28.453pt)


Underfull \hbox (badness 10000) in paragraph at lines 173--178

 []

[2


] [3]
Overfull \hbox (74.74455pt too wide) in paragraph at lines 231--233
\OT1/cmr/m/n/12 where $\OT1/cmr/bx/n/12 ^^@[] \OT1/cmr/m/n/12 = []$ is the $\OML/cmm/m/it/12 N \OMS/cmsy/m/n/12 ^^B \OML/cmm/m/it/12 N$ \OT1/cmr/m/n/12 tran-si-tion prob-a-bil-ity ma-trix, $\OT1/cmr/bx/n/12 P\OT1/cmr/m/n/12 (\OML/cmm/m/it/12 l[]; a[]\OT1/cmr/m/n/12 ) = [](\OML/cmm/m/it/12 p[]\OT1/cmr/m/n/12 (\OML/cmm/m/it/12 l[]; a[]\OT1/cmr/m/n/12 )\OML/cmm/m/it/12 ; [] ; p[]\OT1/cmr/m/n/12 (\OML/cmm/m/it/12 l[]; a[]\OT1/cmr/m/n/12 ))$,
 []

[4]
Overfull \hbox (0.80719pt too wide) in paragraph at lines 240--240
[]\OT1/cmr/bx/n/17.28 Alternative an-i-mal move-ment HMM for-mu-la-tions 
 []

[5] [6] [7]
<corrPlot.pdf, id=222, 578.16pt x 578.16pt>
File: corrPlot.pdf Graphic file (type pdf)
<use corrPlot.pdf>
Package pdftex.def Info: corrPlot.pdf  used on input line 305.
(pdftex.def)             Requested size: 443.57848pt x 443.57896pt.
[8] [9 <./corrPlot.pdf>] [10] [11] [12]
<../simulations/crwDensPlots.pdf, id=350, 578.16pt x 794.97pt>
File: ../simulations/crwDensPlots.pdf Graphic file (type pdf)
<use ../simulations/crwDensPlots.pdf>
Package pdftex.def Info: ../simulations/crwDensPlots.pdf  used on input line 373.
(pdftex.def)             Requested size: 443.57848pt x 609.9211pt.

LaTeX Warning: Float too large for page by 50.06764pt on input line 376.

[13] [14 <../simulations/crwDensPlots.pdf>] [15] [16]
<../simulations/crwViterbiPlots.pdf, id=423, 578.16pt x 794.97pt>
File: ../simulations/crwViterbiPlots.pdf Graphic file (type pdf)
<use ../simulations/crwViterbiPlots.pdf>
Package pdftex.def Info: ../simulations/crwViterbiPlots.pdf  used on input line 434.
(pdftex.def)             Requested size: 399.21791pt x 548.91806pt.

LaTeX Warning: Float too large for page by 43.46463pt on input line 437.

<../simulations/crwBeta21Plots.pdf, id=424, 578.16pt x 794.97pt>
File: ../simulations/crwBeta21Plots.pdf Graphic file (type pdf)
<use ../simulations/crwBeta21Plots.pdf>
Package pdftex.def Info: ../simulations/crwBeta21Plots.pdf  used on input line 441.
(pdftex.def)             Requested size: 399.21791pt x 548.91806pt.

LaTeX Warning: Float too large for page by 43.46463pt on input line 444.

[17] [18 <../simulations/crwViterbiPlots.pdf>] [19 <../simulations/crwBeta21Plots.pdf>]
<../simulations/spatViterbiPlots.pdf, id=464, 578.16pt x 794.97pt>
File: ../simulations/spatViterbiPlots.pdf Graphic file (type pdf)
<use ../simulations/spatViterbiPlots.pdf>
Package pdftex.def Info: ../simulations/spatViterbiPlots.pdf  used on input line 454.
(pdftex.def)             Requested size: 399.21791pt x 548.91806pt.

LaTeX Warning: Float too large for page by 57.06464pt on input line 457.

<../simulations/spatBeta21Plots.pdf, id=465, 578.16pt x 794.97pt>
File: ../simulations/spatBeta21Plots.pdf Graphic file (type pdf)
<use ../simulations/spatBeta21Plots.pdf>
Package pdftex.def Info: ../simulations/spatBeta21Plots.pdf  used on input line 461.
(pdftex.def)             Requested size: 399.21791pt x 548.91806pt.

LaTeX Warning: Float too large for page by 70.66464pt on input line 464.

<../examples/ses/sesStepTurnCor.pdf, id=473, 578.16pt x 794.97pt>
File: ../examples/ses/sesStepTurnCor.pdf Graphic file (type pdf)
<use ../examples/ses/sesStepTurnCor.pdf>
Package pdftex.def Info: ../examples/ses/sesStepTurnCor.pdf  used on input line 472.
(pdftex.def)             Requested size: 399.21791pt x 548.91806pt.

LaTeX Warning: Float too large for page by 2.66461pt on input line 475.

[20] [21 <../simulations/spatViterbiPlots.pdf>] [22 <../simulations/spatBeta21Plots.pdf>] [23 <../examples/ses/sesStepTurnCor.pdf>] [24] [25]
<../examples/ses/bcrwdens.pdf, id=566, 794.97pt x 794.97pt>
File: ../examples/ses/bcrwdens.pdf Graphic file (type pdf)
<use ../examples/ses/bcrwdens.pdf>
Package pdftex.def Info: ../examples/ses/bcrwdens.pdf  used on input line 534.
(pdftex.def)             Requested size: 399.21791pt x 399.23077pt.
<../examples/ses/mpos.pdf, id=567, 867.24pt x 433.62pt>
File: ../examples/ses/mpos.pdf Graphic file (type pdf)
<use ../examples/ses/mpos.pdf>
Package pdftex.def Info: ../examples/ses/mpos.pdf  used on input line 541.
(pdftex.def)             Requested size: 399.21791pt x 199.61317pt.
<../examples/ses/simmpos.pdf, id=568, 867.24pt x 433.62pt>
File: ../examples/ses/simmpos.pdf Graphic file (type pdf)
<use ../examples/ses/simmpos.pdf>
Package pdftex.def Info: ../examples/ses/simmpos.pdf  used on input line 542.
(pdftex.def)             Requested size: 399.21791pt x 199.61317pt.
<../examples/ses/bathComp.pdf, id=569, 794.97pt x 794.97pt>
File: ../examples/ses/bathComp.pdf Graphic file (type pdf)
<use ../examples/ses/bathComp.pdf>
Package pdftex.def Info: ../examples/ses/bathComp.pdf  used on input line 549.
(pdftex.def)             Requested size: 399.21791pt x 399.23077pt.
[26] [27 <../examples/ses/bcrwdens.pdf>] [28 <../examples/ses/mpos.pdf> <../examples/ses/simmpos.pdf>] [29 <../examples/ses/bathComp.pdf>] [30] (./onStepsAndTurns_orig.bbl [31] [32] [33] [34] [35])

Package natbib Warning: There were multiply defined citations.

[36] (./onStepsAndTurns_orig.aux)
 ***********
LaTeX2e <2026-06-01>
L3 programming layer <2026-05-26>
 ***********
Package rerunfilecheck Info: File `onStepsAndTurns_orig.out' has not changed.
(rerunfilecheck)             Checksum: 06CF15CDEF7DCCE3EB3DB6CB12CBF24B;1684.
 ) 
Here is how much of TeX's memory you used:
 14159 strings out of 469157
 227442 string characters out of 5458551
 691306 words of memory out of 5000000
 42814 multiletter control sequences out of 15000+600000
 646024 words of font info for 108 fonts, out of 8000000 for 9000
 14 hyphenation exceptions out of 8191
 73i,13n,79p,2377b,652s stack positions out of 10000i,1000n,20000p,200000b,200000s
</Users/brett.mcclintock/Library/TinyTeX/texmf-dist/fonts/type1/public/amsfonts/cm/cmbx12.pfb></Users/brett.mcclintock/Library/TinyTeX/texmf-dist/fonts/type1/public/amsfonts/cm/cmbx8.pfb></Users/brett.mcclintock/Library/TinyTeX/texmf-dist/fonts/type1/public/amsfonts/cm/cmbxsl10.pfb></Users/brett.mcclintock/Library/TinyTeX/texmf-dist/fonts/type1/public/amsfonts/cm/cmex10.pfb></Users/brett.mcclintock/Library/TinyTeX/texmf-dist/fonts/type1/public/amsfonts/cmextra/cmex8.pfb></Users/brett.mcclintock/Library/TinyTeX/texmf-dist/fonts/type1/public/amsfonts/cm/cmmi10.pfb></Users/brett.mcclintock/Library/TinyTeX/texmf-dist/fonts/type1/public/amsfonts/cm/cmmi12.pfb></Users/brett.mcclintock/Library/TinyTeX/texmf-dist/fonts/type1/public/amsfonts/cm/cmmi6.pfb></Users/brett.mcclintock/Library/TinyTeX/texmf-dist/fonts/type1/public/amsfonts/cm/cmmi8.pfb></Users/brett.mcclintock/Library/TinyTeX/texmf-dist/fonts/type1/public/amsfonts/cm/cmmib10.pfb></Users/brett.mcclintock/Library/TinyTeX/texmf-dist/fonts/type1/public/amsfonts/cm/cmr10.pfb></Users/brett.mcclintock/Library/TinyTeX/texmf-dist/fonts/type1/public/amsfonts/cm/cmr12.pfb></Users/brett.mcclintock/Library/TinyTeX/texmf-dist/fonts/type1/public/amsfonts/cm/cmr17.pfb></Users/brett.mcclintock/Library/TinyTeX/texmf-dist/fonts/type1/public/amsfonts/cm/cmr6.pfb></Users/brett.mcclintock/Library/TinyTeX/texmf-dist/fonts/type1/public/amsfonts/cm/cmr8.pfb></Users/brett.mcclintock/Library/TinyTeX/texmf-dist/fonts/type1/public/amsfonts/cm/cmsl10.pfb></Users/brett.mcclintock/Library/TinyTeX/texmf-dist/fonts/type1/public/amsfonts/cm/cmss8.pfb></Users/brett.mcclintock/Library/TinyTeX/texmf-dist/fonts/type1/public/amsfonts/cm/cmsy10.pfb></Users/brett.mcclintock/Library/TinyTeX/texmf-dist/fonts/type1/public/amsfonts/cm/cmsy6.pfb></Users/brett.mcclintock/Library/TinyTeX/texmf-dist/fonts/type1/public/amsfonts/cm/cmsy8.pfb></Users/brett.mcclintock/Library/TinyTeX/texmf-dist/fonts/type1/public/amsfonts/cm/cmti12.pfb></Users/brett.mcclintock/Library/TinyTeX/texmf-dist/fonts/type1/public/amsfonts/cm/cmtt10.pfb></Users/brett.mcclintock/Library/TinyTeX/texmf-dist/fonts/type1/public/amsfonts/cm/cmtt12.pfb>
Output written on onStepsAndTurns_orig.pdf (36 pages, 33178037 bytes).
PDF statistics:
 796 PDF objects out of 1000 (max. 8388607)
 680 compressed objects within 7 object streams
 135 named destinations out of 1000 (max. 500000)
 144 words of extra memory for PDF output out of 10000 (max. 10000000)

